<?xml version="1.0" encoding="UTF-8"?>
<!-- Generated by org.testng.reporters.JUnitReportReporter -->
<testsuite hostname="LAPTOP-6FE90J88" failures="0" tests="1" name="testRunner.TestRunner" time="17.926" errors="0" timestamp="2024-05-30T18:31:35 ICT" skipped="0">
  <testcase classname="testRunner.TestRunner" name="runScenario" time="17.926"/>
  <system-out/>
</testsuite> <!-- testRunner.TestRunner -->
